<?xml version="1.0" encoding="UTF-8"?>
<!-- Generated by org.testng.reporters.JUnitXMLReporter -->
<testsuite ignored="0" hostname="18022004-LTHOA" failures="0" tests="12" name="RegressionGroup" time="34.108" errors="0" timestamp="2026-03-17T15:48:12 ICT">
  <testcase classname="tests.LoginDDTTest" name="ExcelLoginCase" time="1.52"/>
  <testcase classname="tests.LoginDDTTest" name="valid_standard_user" time="1.508"/>
  <testcase classname="tests.LoginDDTTest" name="valid_problem_user" time="6.269"/>
  <testcase classname="tests.LoginDDTTest" name="valid_performance_user" time="0.445"/>
  <testcase classname="tests.LoginDDTTest" name="locked_user_login" time="0.463"/>
  <testcase classname="tests.LoginDDTTest" name="wrong_password" time="0.401"/>
  <testcase classname="tests.LoginDDTTest" name="empty_username" time="0.457"/>
  <testcase classname="tests.LoginDDTTest" name="empty_password" time="0.838"/>
  <testcase classname="tests.LoginDDTTest" name="sql_injection_attempt" time="0.574"/>
  <testcase classname="tests.LoginDDTTest" name="very_long_username" time="0.366"/>
  <testcase classname="tests.LoginDDTTest" name="very_long_password" time="0.445"/>
  <testcase classname="tests.LoginDDTTest" name="special_character_username" time="0.466"/>
</testsuite> <!-- RegressionGroup -->
