<?xml version="1.0" encoding="UTF-8"?>
<!-- Generated by org.testng.reporters.JUnitXMLReporter -->
<testsuite ignored="0" hostname="18022004-LTHOA" failures="0" tests="3" name="SmokeGroup" time="14.192" errors="0" timestamp="2026-03-17T15:47:52 ICT">
  <testcase classname="tests.LoginDDTTest" name="ExcelLoginCase" time="1.041"/>
  <testcase classname="tests.LoginDDTTest" name="valid_standard_user" time="0.666"/>
  <testcase classname="tests.LoginDDTTest" name="valid_problem_user" time="5.959"/>
</testsuite> <!-- SmokeGroup -->
