<?xml version="1.0" encoding="UTF-8"?>
<testng-results ignored="0" total="2" passed="2" failed="0" skipped="0">
  <reporter-output>
  </reporter-output>
  <suite started-at="2026-03-17T14:24:23 ICT" name="Surefire suite" finished-at="2026-03-17T14:24:27 ICT" duration-ms="4360">
    <groups>
    </groups>
    <test started-at="2026-03-17T14:24:23 ICT" name="Surefire test" finished-at="2026-03-17T14:24:27 ICT" duration-ms="4360">
      <class name="tests.LoginTest">
        <test-method is-config="true" signature="setUp()[pri:0, instance:tests.LoginTest@5cee5251]" started-at="2026-03-17T14:24:23 ICT" name="setUp" finished-at="2026-03-17T14:24:24 ICT" duration-ms="1278" status="PASS">
          <reporter-output>
          </reporter-output>
        </test-method> <!-- setUp -->
        <test-method signature="loginFailure_ShouldDisplayErrorMessage()[pri:0, instance:tests.LoginTest@5cee5251]" started-at="2026-03-17T14:24:24 ICT" name="loginFailure_ShouldDisplayErrorMessage" finished-at="2026-03-17T14:24:25 ICT" duration-ms="842" status="PASS">
          <reporter-output>
          </reporter-output>
        </test-method> <!-- loginFailure_ShouldDisplayErrorMessage -->
        <test-method is-config="true" signature="tearDown()[pri:0, instance:tests.LoginTest@5cee5251]" started-at="2026-03-17T14:24:25 ICT" name="tearDown" finished-at="2026-03-17T14:24:25 ICT" duration-ms="163" status="PASS">
          <reporter-output>
          </reporter-output>
        </test-method> <!-- tearDown -->
        <test-method is-config="true" signature="setUp()[pri:0, instance:tests.LoginTest@5cee5251]" started-at="2026-03-17T14:24:25 ICT" name="setUp" finished-at="2026-03-17T14:24:26 ICT" duration-ms="892" status="PASS">
          <reporter-output>
          </reporter-output>
        </test-method> <!-- setUp -->
        <test-method signature="loginSuccess_ShouldLoadInventoryAndUpdateBadge()[pri:0, instance:tests.LoginTest@5cee5251]" started-at="2026-03-17T14:24:26 ICT" name="loginSuccess_ShouldLoadInventoryAndUpdateBadge" finished-at="2026-03-17T14:24:27 ICT" duration-ms="1035" status="PASS">
          <reporter-output>
          </reporter-output>
        </test-method> <!-- loginSuccess_ShouldLoadInventoryAndUpdateBadge -->
        <test-method is-config="true" signature="tearDown()[pri:0, instance:tests.LoginTest@5cee5251]" started-at="2026-03-17T14:24:27 ICT" name="tearDown" finished-at="2026-03-17T14:24:27 ICT" duration-ms="118" status="PASS">
          <reporter-output>
          </reporter-output>
        </test-method> <!-- tearDown -->
      </class> <!-- tests.LoginTest -->
    </test> <!-- Surefire test -->
  </suite> <!-- Surefire suite -->
</testng-results>
