<?xml version="1.0" encoding="UTF-8"?>
<testng-results ignored="0" total="2" passed="2" failed="0" skipped="0">
  <reporter-output>
  </reporter-output>
  <suite started-at="2026-03-17T14:47:32 ICT" name="SmokeSuite" finished-at="2026-03-17T14:47:38 ICT" duration-ms="5397">
    <groups>
    </groups>
    <test started-at="2026-03-17T14:47:32 ICT" name="SmokeLoginTests" finished-at="2026-03-17T14:47:38 ICT" duration-ms="5397">
      <class name="ddt.tests.SmokeLoginTest">
        <test-method is-config="true" signature="setUp()[pri:0, instance:ddt.tests.SmokeLoginTest@1ea9f6af]" started-at="2026-03-17T14:47:32 ICT" name="setUp" finished-at="2026-03-17T14:47:34 ICT" duration-ms="1988" status="PASS">
          <reporter-output>
          </reporter-output>
        </test-method> <!-- setUp -->
        <test-method signature="smokeInvalidLogin()[pri:0, instance:ddt.tests.SmokeLoginTest@1ea9f6af]" started-at="2026-03-17T14:47:34 ICT" name="smokeInvalidLogin" description="Smoke: invalid login should show error" finished-at="2026-03-17T14:47:35 ICT" duration-ms="1018" status="PASS">
          <reporter-output>
          </reporter-output>
        </test-method> <!-- smokeInvalidLogin -->
        <test-method is-config="true" signature="tearDown()[pri:0, instance:ddt.tests.SmokeLoginTest@1ea9f6af]" started-at="2026-03-17T14:47:35 ICT" name="tearDown" finished-at="2026-03-17T14:47:35 ICT" duration-ms="297" status="PASS">
          <reporter-output>
          </reporter-output>
        </test-method> <!-- tearDown -->
        <test-method is-config="true" signature="setUp()[pri:0, instance:ddt.tests.SmokeLoginTest@1ea9f6af]" started-at="2026-03-17T14:47:35 ICT" name="setUp" finished-at="2026-03-17T14:47:37 ICT" duration-ms="1026" status="PASS">
          <reporter-output>
          </reporter-output>
        </test-method> <!-- setUp -->
        <test-method signature="smokeValidLogin()[pri:0, instance:ddt.tests.SmokeLoginTest@1ea9f6af]" started-at="2026-03-17T14:47:37 ICT" name="smokeValidLogin" description="Smoke: valid login should reach inventory page" finished-at="2026-03-17T14:47:37 ICT" duration-ms="870" status="PASS">
          <reporter-output>
          </reporter-output>
        </test-method> <!-- smokeValidLogin -->
        <test-method is-config="true" signature="tearDown()[pri:0, instance:ddt.tests.SmokeLoginTest@1ea9f6af]" started-at="2026-03-17T14:47:37 ICT" name="tearDown" finished-at="2026-03-17T14:47:38 ICT" duration-ms="163" status="PASS">
          <reporter-output>
          </reporter-output>
        </test-method> <!-- tearDown -->
      </class> <!-- ddt.tests.SmokeLoginTest -->
    </test> <!-- SmokeLoginTests -->
  </suite> <!-- SmokeSuite -->
</testng-results>
