<?xml version="1.0" encoding="UTF-8"?>
<!-- Generated by org.testng.reporters.JUnitXMLReporter -->
<testsuite ignored="0" hostname="18022004-LTHOA" failures="0" tests="6" name="LoginAndCartTests" time="14.419" errors="0" timestamp="2026-03-17T15:47:34 ICT">
  <testcase classname="tests.LoginTest" name="testLoginFail_InvalidPassword" time="1.32"/>
  <testcase classname="tests.LoginTest" name="testLoginSuccess" time="1.054"/>
  <testcase classname="tests.LoginTest" name="testLoginFail_EmptyUsername" time="1.392"/>
  <testcase classname="tests.CartTest" name="testAddItemToCart" time="2.137"/>
  <testcase classname="tests.CartTest" name="testCartEmpty" time="7.044"/>
  <testcase classname="tests.CartTest" name="testRemoveItemFromCart" time="7.028"/>
</testsuite> <!-- LoginAndCartTests -->
