<?xml version="1.0" encoding="UTF-8"?>
<!-- Generated by org.testng.reporters.JUnitXMLReporter -->
<testsuite ignored="0" hostname="18022004-LTHOA" failures="0" tests="6" name="JsonAndFakerTests" time="10.922" errors="0" timestamp="2026-03-17T15:48:27 ICT">
  <testcase classname="tests.UserLoginTest" name="testLoginFromJson" time="1.259"/>
  <testcase classname="tests.CheckoutTest" name="testCheckoutWithRandomData" time="2.131"/>
  <testcase classname="tests.UserLoginTest" name="testLoginFromJson" time="0.353"/>
  <testcase classname="tests.UserLoginTest" name="testLoginFromJson" time="0.44"/>
  <testcase classname="tests.UserLoginTest" name="testLoginFromJson" time="0.365"/>
  <testcase classname="tests.UserLoginTest" name="testLoginFromJson" time="0.331"/>
</testsuite> <!-- JsonAndFakerTests -->
