<?xml version="1.0" encoding="UTF-8"?>
<!-- Generated by org.testng.reporters.JUnitReportReporter -->
<testsuite hostname="18022004-LTHOA" failures="0" tests="2" name="tests.LoginRefactorTest" time="4.525" errors="0" timestamp="2026-03-17T15:48:49 ICT" skipped="0">
  <testcase classname="tests.LoginRefactorTest" name="loginFlow_WithPOM_AndDDT" time="2.379"/>
  <testcase classname="tests.LoginRefactorTest" name="loginFlow_WithPOM_AndDDT" time="2.146"/>
</testsuite> <!-- tests.LoginRefactorTest -->
