<?xml version="1.0" encoding="UTF-8"?>
<!-- Generated by org.testng.reporters.JUnitReportReporter -->
<testsuite hostname="18022004-LTHOA" failures="0" tests="5" name="tests.UserLoginTest" time="10.689" errors="0" timestamp="2026-03-17T15:48:27 ICT" skipped="0">
  <testcase classname="tests.UserLoginTest" name="testLoginFromJson" time="3.043"/>
  <testcase classname="tests.UserLoginTest" name="testLoginFromJson" time="1.893"/>
  <testcase classname="tests.UserLoginTest" name="testLoginFromJson" time="1.782"/>
  <testcase classname="tests.UserLoginTest" name="testLoginFromJson" time="1.820"/>
  <testcase classname="tests.UserLoginTest" name="testLoginFromJson" time="2.151"/>
</testsuite> <!-- tests.UserLoginTest -->
