<?xml version="1.0" encoding="UTF-8"?>
<!-- Generated by org.testng.reporters.JUnitReportReporter -->
<testsuite hostname="18022004-LTHOA" failures="0" tests="15" name="tests.LoginDDTTest" time="47.041" errors="0" timestamp="2026-03-17T15:48:12 ICT" skipped="0">
  <testcase classname="tests.LoginDDTTest" name="testLoginFromExcel" time="7.565"/>
  <testcase classname="tests.LoginDDTTest" name="testLoginFromExcel" time="7.851"/>
  <testcase classname="tests.LoginDDTTest" name="testLoginFromExcel" time="1.978"/>
  <testcase classname="tests.LoginDDTTest" name="testLoginFromExcel" time="1.936"/>
  <testcase classname="tests.LoginDDTTest" name="testLoginFromExcel" time="3.281"/>
  <testcase classname="tests.LoginDDTTest" name="testLoginFromExcel" time="2.076"/>
  <testcase classname="tests.LoginDDTTest" name="testLoginFromExcel" time="3.454"/>
  <testcase classname="tests.LoginDDTTest" name="testLoginFromExcel" time="2.345"/>
  <testcase classname="tests.LoginDDTTest" name="testLoginFromExcel" time="2.273"/>
  <testcase classname="tests.LoginDDTTest" name="testLoginFromExcel" time="1.876"/>
  <testcase classname="tests.LoginDDTTest" name="testLoginFromExcel" time="2.577"/>
  <testcase classname="tests.LoginDDTTest" name="testLoginFromExcel" time="3.770"/>
  <testcase classname="tests.LoginDDTTest" name="testLoginFromExcel" time="2.143"/>
  <testcase classname="tests.LoginDDTTest" name="testLoginFromExcel" time="1.890"/>
  <testcase classname="tests.LoginDDTTest" name="testLoginFromExcel" time="2.026"/>
</testsuite> <!-- tests.LoginDDTTest -->
