<?xml version="1.0" encoding="UTF-8"?>
<!-- Generated by org.testng.reporters.JUnitReportReporter -->
<testsuite hostname="18022004-LTHOA" failures="0" tests="2" name="tests.LoginTest" time="4.328" errors="0" timestamp="2026-03-17T14:24:27 ICT" skipped="0">
  <testcase classname="tests.LoginTest" name="loginSuccess_ShouldLoadInventoryAndUpdateBadge" time="2.476"/>
  <testcase classname="tests.LoginTest" name="loginFailure_ShouldDisplayErrorMessage" time="1.852"/>
</testsuite> <!-- tests.LoginTest -->
