<?xml version="1.0" encoding="UTF-8"?>
<!-- Generated by org.testng.reporters.JUnitXMLReporter -->
<testsuite ignored="0" hostname="18022004-LTHOA" failures="0" tests="3" name="Surefire test" time="6.841" errors="0" timestamp="2026-03-17T15:43:26 ICT">
  <testcase classname="lab9.naive.NaiveLoginTest" name="loginSuccess_NaiveStyle" time="0.92"/>
  <testcase classname="lab9.pom.POMLoginTest" name="loginFlow_WithPOM_AndDDT" time="1.128"/>
  <testcase classname="lab9.pom.POMLoginTest" name="loginFlow_WithPOM_AndDDT" time="0.919"/>
</testsuite> <!-- Surefire test -->
