<?xml version="1.0" encoding="UTF-8"?>
<testng-results ignored="0" total="6" passed="6" failed="0" skipped="0">
  <reporter-output>
  </reporter-output>
  <suite started-at="2026-03-17T15:47:19 ICT" name="Bai2Suite" finished-at="2026-03-17T15:47:34 ICT" duration-ms="14419">
    <groups>
    </groups>
    <test started-at="2026-03-17T15:47:19 ICT" name="LoginAndCartTests" finished-at="2026-03-17T15:47:34 ICT" duration-ms="14419">
      <class name="tests.LoginTest">
        <test-method is-config="true" signature="setUp(java.lang.String,java.lang.String)[pri:0, instance:tests.LoginTest@619713e5]" started-at="2026-03-17T15:47:19 ICT" name="setUp" finished-at="2026-03-17T15:47:22 ICT" duration-ms="2880" status="PASS">
          <params>
            <param index="0">
              <value>
                <![CDATA[chrome]]>
              </value>
            </param>
            <param index="1">
              <value>
                <![CDATA[dev]]>
              </value>
            </param>
          </params>
          <reporter-output>
          </reporter-output>
        </test-method> <!-- setUp -->
        <test-method is-config="true" signature="setUp(java.lang.String,java.lang.String)[pri:0, instance:tests.LoginTest@619713e5]" started-at="2026-03-17T15:47:19 ICT" name="setUp" finished-at="2026-03-17T15:47:22 ICT" duration-ms="3190" status="PASS">
          <params>
            <param index="0">
              <value>
                <![CDATA[chrome]]>
              </value>
            </param>
            <param index="1">
              <value>
                <![CDATA[dev]]>
              </value>
            </param>
          </params>
          <reporter-output>
          </reporter-output>
        </test-method> <!-- setUp -->
        <test-method is-config="true" signature="setUp(java.lang.String,java.lang.String)[pri:0, instance:tests.LoginTest@619713e5]" started-at="2026-03-17T15:47:19 ICT" name="setUp" finished-at="2026-03-17T15:47:22 ICT" duration-ms="2977" status="PASS">
          <params>
            <param index="0">
              <value>
                <![CDATA[chrome]]>
              </value>
            </param>
            <param index="1">
              <value>
                <![CDATA[dev]]>
              </value>
            </param>
          </params>
          <reporter-output>
          </reporter-output>
        </test-method> <!-- setUp -->
        <test-method signature="testLoginFail_InvalidPassword()[pri:0, instance:tests.LoginTest@619713e5]" started-at="2026-03-17T15:47:22 ICT" name="testLoginFail_InvalidPassword" finished-at="2026-03-17T15:47:23 ICT" duration-ms="1320" status="PASS">
          <reporter-output>
          </reporter-output>
        </test-method> <!-- testLoginFail_InvalidPassword -->
        <test-method signature="testLoginFail_EmptyUsername()[pri:0, instance:tests.LoginTest@619713e5]" started-at="2026-03-17T15:47:22 ICT" name="testLoginFail_EmptyUsername" finished-at="2026-03-17T15:47:24 ICT" duration-ms="1392" status="PASS">
          <reporter-output>
          </reporter-output>
        </test-method> <!-- testLoginFail_EmptyUsername -->
        <test-method signature="testLoginSuccess()[pri:0, instance:tests.LoginTest@619713e5]" started-at="2026-03-17T15:47:22 ICT" name="testLoginSuccess" finished-at="2026-03-17T15:47:23 ICT" duration-ms="1054" status="PASS">
          <reporter-output>
          </reporter-output>
        </test-method> <!-- testLoginSuccess -->
        <test-method is-config="true" signature="tearDown(org.testng.ITestResult)[pri:0, instance:tests.LoginTest@619713e5]" started-at="2026-03-17T15:47:23 ICT" name="tearDown" finished-at="2026-03-17T15:47:24 ICT" duration-ms="290" status="PASS">
          <params>
            <param index="0">
              <value>
                <![CDATA[[TestResult name=testLoginFail_InvalidPassword status=SUCCESS method=LoginTest.testLoginFail_InvalidPassword()[pri:0, instance:tests.LoginTest@619713e5] output={null}]]]>
              </value>
            </param>
          </params>
          <reporter-output>
          </reporter-output>
        </test-method> <!-- tearDown -->
        <test-method is-config="true" signature="tearDown(org.testng.ITestResult)[pri:0, instance:tests.LoginTest@619713e5]" started-at="2026-03-17T15:47:23 ICT" name="tearDown" finished-at="2026-03-17T15:47:24 ICT" duration-ms="293" status="PASS">
          <params>
            <param index="0">
              <value>
                <![CDATA[[TestResult name=testLoginSuccess status=SUCCESS method=LoginTest.testLoginSuccess()[pri:0, instance:tests.LoginTest@619713e5] output={null}]]]>
              </value>
            </param>
          </params>
          <reporter-output>
          </reporter-output>
        </test-method> <!-- tearDown -->
        <test-method is-config="true" signature="tearDown(org.testng.ITestResult)[pri:0, instance:tests.LoginTest@619713e5]" started-at="2026-03-17T15:47:24 ICT" name="tearDown" finished-at="2026-03-17T15:47:24 ICT" duration-ms="312" status="PASS">
          <params>
            <param index="0">
              <value>
                <![CDATA[[TestResult name=testLoginFail_EmptyUsername status=SUCCESS method=LoginTest.testLoginFail_EmptyUsername()[pri:0, instance:tests.LoginTest@619713e5] output={null}]]]>
              </value>
            </param>
          </params>
          <reporter-output>
          </reporter-output>
        </test-method> <!-- tearDown -->
      </class> <!-- tests.LoginTest -->
      <class name="tests.CartTest">
        <test-method is-config="true" signature="setUp(java.lang.String,java.lang.String)[pri:0, instance:tests.CartTest@1a451d4d]" started-at="2026-03-17T15:47:24 ICT" name="setUp" finished-at="2026-03-17T15:47:26 ICT" duration-ms="1897" status="PASS">
          <params>
            <param index="0">
              <value>
                <![CDATA[chrome]]>
              </value>
            </param>
            <param index="1">
              <value>
                <![CDATA[dev]]>
              </value>
            </param>
          </params>
          <reporter-output>
          </reporter-output>
        </test-method> <!-- setUp -->
        <test-method is-config="true" signature="setUp(java.lang.String,java.lang.String)[pri:0, instance:tests.CartTest@1a451d4d]" started-at="2026-03-17T15:47:24 ICT" name="setUp" finished-at="2026-03-17T15:47:26 ICT" duration-ms="2266" status="PASS">
          <params>
            <param index="0">
              <value>
                <![CDATA[chrome]]>
              </value>
            </param>
            <param index="1">
              <value>
                <![CDATA[dev]]>
              </value>
            </param>
          </params>
          <reporter-output>
          </reporter-output>
        </test-method> <!-- setUp -->
        <test-method is-config="true" signature="setUp(java.lang.String,java.lang.String)[pri:0, instance:tests.CartTest@1a451d4d]" started-at="2026-03-17T15:47:24 ICT" name="setUp" finished-at="2026-03-17T15:47:26 ICT" duration-ms="2527" status="PASS">
          <params>
            <param index="0">
              <value>
                <![CDATA[chrome]]>
              </value>
            </param>
            <param index="1">
              <value>
                <![CDATA[dev]]>
              </value>
            </param>
          </params>
          <reporter-output>
          </reporter-output>
        </test-method> <!-- setUp -->
        <test-method signature="testAddItemToCart()[pri:0, instance:tests.CartTest@1a451d4d]" started-at="2026-03-17T15:47:26 ICT" name="testAddItemToCart" finished-at="2026-03-17T15:47:28 ICT" duration-ms="2137" status="PASS">
          <reporter-output>
          </reporter-output>
        </test-method> <!-- testAddItemToCart -->
        <test-method signature="testCartEmpty()[pri:0, instance:tests.CartTest@1a451d4d]" started-at="2026-03-17T15:47:26 ICT" name="testCartEmpty" finished-at="2026-03-17T15:47:33 ICT" duration-ms="7044" status="PASS">
          <reporter-output>
          </reporter-output>
        </test-method> <!-- testCartEmpty -->
        <test-method signature="testRemoveItemFromCart()[pri:0, instance:tests.CartTest@1a451d4d]" started-at="2026-03-17T15:47:26 ICT" name="testRemoveItemFromCart" finished-at="2026-03-17T15:47:33 ICT" duration-ms="7028" status="PASS">
          <reporter-output>
          </reporter-output>
        </test-method> <!-- testRemoveItemFromCart -->
        <test-method is-config="true" signature="tearDown(org.testng.ITestResult)[pri:0, instance:tests.CartTest@1a451d4d]" started-at="2026-03-17T15:47:28 ICT" name="tearDown" finished-at="2026-03-17T15:47:28 ICT" duration-ms="405" status="PASS">
          <params>
            <param index="0">
              <value>
                <![CDATA[[TestResult name=testAddItemToCart status=SUCCESS method=CartTest.testAddItemToCart()[pri:0, instance:tests.CartTest@1a451d4d] output={null}]]]>
              </value>
            </param>
          </params>
          <reporter-output>
          </reporter-output>
        </test-method> <!-- tearDown -->
        <test-method is-config="true" signature="tearDown(org.testng.ITestResult)[pri:0, instance:tests.CartTest@1a451d4d]" started-at="2026-03-17T15:47:33 ICT" name="tearDown" finished-at="2026-03-17T15:47:33 ICT" duration-ms="146" status="PASS">
          <params>
            <param index="0">
              <value>
                <![CDATA[[TestResult name=testCartEmpty status=SUCCESS method=CartTest.testCartEmpty()[pri:0, instance:tests.CartTest@1a451d4d] output={null}]]]>
              </value>
            </param>
          </params>
          <reporter-output>
          </reporter-output>
        </test-method> <!-- tearDown -->
        <test-method is-config="true" signature="tearDown(org.testng.ITestResult)[pri:0, instance:tests.CartTest@1a451d4d]" started-at="2026-03-17T15:47:33 ICT" name="tearDown" finished-at="2026-03-17T15:47:34 ICT" duration-ms="153" status="PASS">
          <params>
            <param index="0">
              <value>
                <![CDATA[[TestResult name=testRemoveItemFromCart status=SUCCESS method=CartTest.testRemoveItemFromCart()[pri:0, instance:tests.CartTest@1a451d4d] output={null}]]]>
              </value>
            </param>
          </params>
          <reporter-output>
          </reporter-output>
        </test-method> <!-- tearDown -->
      </class> <!-- tests.CartTest -->
    </test> <!-- LoginAndCartTests -->
  </suite> <!-- Bai2Suite -->
</testng-results>
