<?xml version="1.0" encoding="UTF-8"?>
<testng-results ignored="0" total="6" passed="6" failed="0" skipped="0">
  <reporter-output>
  </reporter-output>
  <suite started-at="2026-03-17T15:48:16 ICT" name="Bai4JsonFakerSuite" finished-at="2026-03-17T15:48:27 ICT" duration-ms="10922">
    <groups>
    </groups>
    <test started-at="2026-03-17T15:48:16 ICT" name="JsonAndFakerTests" finished-at="2026-03-17T15:48:27 ICT" duration-ms="10922">
      <class name="tests.UserLoginTest">
        <test-method is-config="true" signature="setUp(java.lang.String,java.lang.String)[pri:0, instance:tests.UserLoginTest@2f7298b]" started-at="2026-03-17T15:48:17 ICT" name="setUp" finished-at="2026-03-17T15:48:18 ICT" duration-ms="1591" status="PASS">
          <params>
            <param index="0">
              <value>
                <![CDATA[chrome]]>
              </value>
            </param>
            <param index="1">
              <value>
                <![CDATA[dev]]>
              </value>
            </param>
          </params>
          <reporter-output>
          </reporter-output>
        </test-method> <!-- setUp -->
        <test-method signature="testLoginFromJson(java.lang.String,java.lang.String,boolean,java.lang.String)[pri:0, instance:tests.UserLoginTest@2f7298b]" started-at="2026-03-17T15:48:18 ICT" name="testLoginFromJson" data-provider="jsonUsers" finished-at="2026-03-17T15:48:19 ICT" duration-ms="1259" status="PASS">
          <params>
            <param index="0">
              <value>
                <![CDATA[standard_user]]>
              </value>
            </param>
            <param index="1">
              <value>
                <![CDATA[secret_sauce]]>
              </value>
            </param>
            <param index="2">
              <value>
                <![CDATA[true]]>
              </value>
            </param>
            <param index="3">
              <value>
                <![CDATA[valid_standard_user]]>
              </value>
            </param>
          </params>
          <reporter-output>
          </reporter-output>
        </test-method> <!-- testLoginFromJson -->
        <test-method is-config="true" signature="tearDown()[pri:0, instance:tests.UserLoginTest@2f7298b]" started-at="2026-03-17T15:48:19 ICT" name="tearDown" finished-at="2026-03-17T15:48:20 ICT" duration-ms="191" status="PASS">
          <reporter-output>
          </reporter-output>
        </test-method> <!-- tearDown -->
        <test-method is-config="true" signature="setUp(java.lang.String,java.lang.String)[pri:0, instance:tests.UserLoginTest@2f7298b]" started-at="2026-03-17T15:48:20 ICT" name="setUp" finished-at="2026-03-17T15:48:21 ICT" duration-ms="1593" status="PASS">
          <params>
            <param index="0">
              <value>
                <![CDATA[chrome]]>
              </value>
            </param>
            <param index="1">
              <value>
                <![CDATA[dev]]>
              </value>
            </param>
          </params>
          <reporter-output>
          </reporter-output>
        </test-method> <!-- setUp -->
        <test-method signature="testLoginFromJson(java.lang.String,java.lang.String,boolean,java.lang.String)[pri:0, instance:tests.UserLoginTest@2f7298b]" started-at="2026-03-17T15:48:21 ICT" name="testLoginFromJson" data-provider="jsonUsers" finished-at="2026-03-17T15:48:22 ICT" duration-ms="353" status="PASS">
          <params>
            <param index="0">
              <value>
                <![CDATA[locked_out_user]]>
              </value>
            </param>
            <param index="1">
              <value>
                <![CDATA[secret_sauce]]>
              </value>
            </param>
            <param index="2">
              <value>
                <![CDATA[false]]>
              </value>
            </param>
            <param index="3">
              <value>
                <![CDATA[locked_user]]>
              </value>
            </param>
          </params>
          <reporter-output>
          </reporter-output>
        </test-method> <!-- testLoginFromJson -->
        <test-method is-config="true" signature="tearDown()[pri:0, instance:tests.UserLoginTest@2f7298b]" started-at="2026-03-17T15:48:22 ICT" name="tearDown" finished-at="2026-03-17T15:48:22 ICT" duration-ms="120" status="PASS">
          <reporter-output>
          </reporter-output>
        </test-method> <!-- tearDown -->
        <test-method is-config="true" signature="setUp(java.lang.String,java.lang.String)[pri:0, instance:tests.UserLoginTest@2f7298b]" started-at="2026-03-17T15:48:22 ICT" name="setUp" finished-at="2026-03-17T15:48:23 ICT" duration-ms="1410" status="PASS">
          <params>
            <param index="0">
              <value>
                <![CDATA[chrome]]>
              </value>
            </param>
            <param index="1">
              <value>
                <![CDATA[dev]]>
              </value>
            </param>
          </params>
          <reporter-output>
          </reporter-output>
        </test-method> <!-- setUp -->
        <test-method signature="testLoginFromJson(java.lang.String,java.lang.String,boolean,java.lang.String)[pri:0, instance:tests.UserLoginTest@2f7298b]" started-at="2026-03-17T15:48:23 ICT" name="testLoginFromJson" data-provider="jsonUsers" finished-at="2026-03-17T15:48:24 ICT" duration-ms="440" status="PASS">
          <params>
            <param index="0">
              <value>
                <![CDATA[standard_user]]>
              </value>
            </param>
            <param index="1">
              <value>
                <![CDATA[wrongpass]]>
              </value>
            </param>
            <param index="2">
              <value>
                <![CDATA[false]]>
              </value>
            </param>
            <param index="3">
              <value>
                <![CDATA[wrong_password]]>
              </value>
            </param>
          </params>
          <reporter-output>
          </reporter-output>
        </test-method> <!-- testLoginFromJson -->
        <test-method is-config="true" signature="tearDown()[pri:0, instance:tests.UserLoginTest@2f7298b]" started-at="2026-03-17T15:48:24 ICT" name="tearDown" finished-at="2026-03-17T15:48:24 ICT" duration-ms="117" status="PASS">
          <reporter-output>
          </reporter-output>
        </test-method> <!-- tearDown -->
        <test-method is-config="true" signature="setUp(java.lang.String,java.lang.String)[pri:0, instance:tests.UserLoginTest@2f7298b]" started-at="2026-03-17T15:48:24 ICT" name="setUp" finished-at="2026-03-17T15:48:25 ICT" duration-ms="1372" status="PASS">
          <params>
            <param index="0">
              <value>
                <![CDATA[chrome]]>
              </value>
            </param>
            <param index="1">
              <value>
                <![CDATA[dev]]>
              </value>
            </param>
          </params>
          <reporter-output>
          </reporter-output>
        </test-method> <!-- setUp -->
        <test-method signature="testLoginFromJson(java.lang.String,java.lang.String,boolean,java.lang.String)[pri:0, instance:tests.UserLoginTest@2f7298b]" started-at="2026-03-17T15:48:25 ICT" name="testLoginFromJson" data-provider="jsonUsers" finished-at="2026-03-17T15:48:25 ICT" duration-ms="365" status="PASS">
          <params>
            <param index="0">
              <value>
                <![CDATA[admin_user]]>
              </value>
            </param>
            <param index="1">
              <value>
                <![CDATA[admin_pass]]>
              </value>
            </param>
            <param index="2">
              <value>
                <![CDATA[false]]>
              </value>
            </param>
            <param index="3">
              <value>
                <![CDATA[admin_invalid_for_saucedemo]]>
              </value>
            </param>
          </params>
          <reporter-output>
          </reporter-output>
        </test-method> <!-- testLoginFromJson -->
        <test-method is-config="true" signature="tearDown()[pri:0, instance:tests.UserLoginTest@2f7298b]" started-at="2026-03-17T15:48:25 ICT" name="tearDown" finished-at="2026-03-17T15:48:26 ICT" duration-ms="130" status="PASS">
          <reporter-output>
          </reporter-output>
        </test-method> <!-- tearDown -->
        <test-method is-config="true" signature="setUp(java.lang.String,java.lang.String)[pri:0, instance:tests.UserLoginTest@2f7298b]" started-at="2026-03-17T15:48:26 ICT" name="setUp" finished-at="2026-03-17T15:48:27 ICT" duration-ms="1287" status="PASS">
          <params>
            <param index="0">
              <value>
                <![CDATA[chrome]]>
              </value>
            </param>
            <param index="1">
              <value>
                <![CDATA[dev]]>
              </value>
            </param>
          </params>
          <reporter-output>
          </reporter-output>
        </test-method> <!-- setUp -->
        <test-method signature="testLoginFromJson(java.lang.String,java.lang.String,boolean,java.lang.String)[pri:0, instance:tests.UserLoginTest@2f7298b]" started-at="2026-03-17T15:48:27 ICT" name="testLoginFromJson" data-provider="jsonUsers" finished-at="2026-03-17T15:48:27 ICT" duration-ms="331" status="PASS">
          <params>
            <param index="0">
              <value>
                <![CDATA[invalid_user_123]]>
              </value>
            </param>
            <param index="1">
              <value>
                <![CDATA[invalid_pass]]>
              </value>
            </param>
            <param index="2">
              <value>
                <![CDATA[false]]>
              </value>
            </param>
            <param index="3">
              <value>
                <![CDATA[totally_invalid_user]]>
              </value>
            </param>
          </params>
          <reporter-output>
          </reporter-output>
        </test-method> <!-- testLoginFromJson -->
        <test-method is-config="true" signature="tearDown()[pri:0, instance:tests.UserLoginTest@2f7298b]" started-at="2026-03-17T15:48:27 ICT" name="tearDown" finished-at="2026-03-17T15:48:27 ICT" duration-ms="130" status="PASS">
          <reporter-output>
          </reporter-output>
        </test-method> <!-- tearDown -->
      </class> <!-- tests.UserLoginTest -->
      <class name="tests.CheckoutTest">
        <test-method is-config="true" signature="setUp(java.lang.String,java.lang.String)[pri:0, instance:tests.CheckoutTest@3ce1e309]" started-at="2026-03-17T15:48:16 ICT" name="setUp" finished-at="2026-03-17T15:48:18 ICT" duration-ms="1780" status="PASS">
          <params>
            <param index="0">
              <value>
                <![CDATA[chrome]]>
              </value>
            </param>
            <param index="1">
              <value>
                <![CDATA[dev]]>
              </value>
            </param>
          </params>
          <reporter-output>
          </reporter-output>
        </test-method> <!-- setUp -->
        <test-method signature="testCheckoutWithRandomData()[pri:0, instance:tests.CheckoutTest@3ce1e309]" started-at="2026-03-17T15:48:18 ICT" name="testCheckoutWithRandomData" finished-at="2026-03-17T15:48:20 ICT" duration-ms="2131" status="PASS">
          <reporter-output>
          </reporter-output>
        </test-method> <!-- testCheckoutWithRandomData -->
        <test-method is-config="true" signature="tearDown()[pri:0, instance:tests.CheckoutTest@3ce1e309]" started-at="2026-03-17T15:48:20 ICT" name="tearDown" finished-at="2026-03-17T15:48:21 ICT" duration-ms="490" status="PASS">
          <reporter-output>
          </reporter-output>
        </test-method> <!-- tearDown -->
      </class> <!-- tests.CheckoutTest -->
    </test> <!-- JsonAndFakerTests -->
  </suite> <!-- Bai4JsonFakerSuite -->
</testng-results>
