<?xml version="1.0" encoding="UTF-8"?>
<testng-results retried="2" ignored="2" total="6" passed="2" failed="0" skipped="0">
  <reporter-output>
  </reporter-output>
  <suite started-at="2026-03-17T15:48:37 ICT" name="Bai6 Retry Suite" finished-at="2026-03-17T15:48:40 ICT" duration-ms="3419">
    <groups>
    </groups>
    <test started-at="2026-03-17T15:48:37 ICT" name="Retry-Demo-Staging" finished-at="2026-03-17T15:48:40 ICT" duration-ms="3388">
      <class name="tests.FlakySimulationTest">
        <test-method is-config="true" signature="setUp(java.lang.String)[pri:0, instance:tests.FlakySimulationTest@16293aa2]" started-at="2026-03-17T15:48:37 ICT" name="setUp" finished-at="2026-03-17T15:48:39 ICT" duration-ms="1797" status="PASS">
          <params>
            <param index="0">
              <value>
                <![CDATA[staging]]>
              </value>
            </param>
          </params>
          <reporter-output>
          </reporter-output>
        </test-method> <!-- setUp -->
        <test-method retried="true" signature="flakyTest()[pri:0, instance:tests.FlakySimulationTest@16293aa2]" started-at="2026-03-17T15:48:39 ICT" name="flakyTest" description="Fail 2 lan dau, pass lan 3 de demo RetryAnalyzer" finished-at="2026-03-17T15:48:39 ICT" duration-ms="8" status="SKIP">
          <exception class="java.lang.AssertionError">
            <message>
              <![CDATA[Gia lap flaky fail tai lan 1]]>
            </message>
            <full-stacktrace>
              <![CDATA[java.lang.AssertionError: Gia lap flaky fail tai lan 1
at org.testng.Assert.fail(Assert.java:111)
at tests.FlakySimulationTest.flakyTest(FlakySimulationTest.java:17)
at java.base/jdk.internal.reflect.DirectMethodHandleAccessor.invoke(DirectMethodHandleAccessor.java:103)
at java.base/java.lang.reflect.Method.invoke(Method.java:580)
at org.testng.internal.invokers.MethodInvocationHelper.invokeMethod(MethodInvocationHelper.java:141)
at org.testng.internal.invokers.TestInvoker.invokeMethod(TestInvoker.java:686)
at org.testng.internal.invokers.TestInvoker.invokeTestMethod(TestInvoker.java:230)
at org.testng.internal.invokers.MethodRunner.runInSequence(MethodRunner.java:63)
at org.testng.internal.invokers.TestInvoker$MethodInvocationAgent.invoke(TestInvoker.java:992)
at org.testng.internal.invokers.TestInvoker.invokeTestMethods(TestInvoker.java:203)
at org.testng.internal.invokers.TestMethodWorker.invokeTestMethods(TestMethodWorker.java:154)
at org.testng.internal.invokers.TestMethodWorker.run(TestMethodWorker.java:134)
at java.base/java.util.ArrayList.forEach(ArrayList.java:1596)
at org.testng.TestRunner.privateRun(TestRunner.java:739)
at org.testng.TestRunner.run(TestRunner.java:614)
at org.testng.SuiteRunner.runTest(SuiteRunner.java:421)
at org.testng.SuiteRunner$SuiteWorker.run(SuiteRunner.java:463)
at org.testng.internal.thread.ThreadUtil.lambda$execute$0(ThreadUtil.java:64)
at java.base/java.util.concurrent.FutureTask.run(FutureTask.java:317)
at java.base/java.util.concurrent.ThreadPoolExecutor.runWorker(ThreadPoolExecutor.java:1144)
at java.base/java.util.concurrent.ThreadPoolExecutor$Worker.run(ThreadPoolExecutor.java:642)
at java.base/java.lang.Thread.run(Thread.java:1583)
]]>
            </full-stacktrace>
          </exception> <!-- java.lang.AssertionError -->
          <reporter-output>
          </reporter-output>
        </test-method> <!-- flakyTest -->
        <test-method is-config="true" signature="tearDown()[pri:0, instance:tests.FlakySimulationTest@16293aa2]" started-at="2026-03-17T15:48:39 ICT" name="tearDown" finished-at="2026-03-17T15:48:39 ICT" duration-ms="228" status="PASS">
          <reporter-output>
          </reporter-output>
        </test-method> <!-- tearDown -->
        <test-method is-config="true" signature="setUp(java.lang.String)[pri:0, instance:tests.FlakySimulationTest@16293aa2]" started-at="2026-03-17T15:48:39 ICT" name="setUp" finished-at="2026-03-17T15:48:40 ICT" duration-ms="1053" status="PASS">
          <params>
            <param index="0">
              <value>
                <![CDATA[dev]]>
              </value>
            </param>
          </params>
          <reporter-output>
          </reporter-output>
        </test-method> <!-- setUp -->
        <test-method signature="flakyTest()[pri:0, instance:tests.FlakySimulationTest@16293aa2]" started-at="2026-03-17T15:48:40 ICT" name="flakyTest" description="Fail 2 lan dau, pass lan 3 de demo RetryAnalyzer" finished-at="2026-03-17T15:48:40 ICT" duration-ms="1" status="PASS">
          <reporter-output>
          </reporter-output>
        </test-method> <!-- flakyTest -->
        <test-method is-config="true" signature="tearDown()[pri:0, instance:tests.FlakySimulationTest@16293aa2]" started-at="2026-03-17T15:48:40 ICT" name="tearDown" finished-at="2026-03-17T15:48:40 ICT" duration-ms="242" status="PASS">
          <reporter-output>
          </reporter-output>
        </test-method> <!-- tearDown -->
      </class> <!-- tests.FlakySimulationTest -->
    </test> <!-- Retry-Demo-Staging -->
    <test started-at="2026-03-17T15:48:37 ICT" name="Retry-Demo-Dev" finished-at="2026-03-17T15:48:40 ICT" duration-ms="3419">
      <class name="tests.FlakySimulationTest">
        <test-method is-config="true" signature="setUp(java.lang.String)[pri:0, instance:tests.FlakySimulationTest@72f926e6]" started-at="2026-03-17T15:48:37 ICT" name="setUp" finished-at="2026-03-17T15:48:39 ICT" duration-ms="1822" status="PASS">
          <params>
            <param index="0">
              <value>
                <![CDATA[dev]]>
              </value>
            </param>
          </params>
          <reporter-output>
          </reporter-output>
        </test-method> <!-- setUp -->
        <test-method retried="true" signature="flakyTest()[pri:0, instance:tests.FlakySimulationTest@72f926e6]" started-at="2026-03-17T15:48:39 ICT" name="flakyTest" description="Fail 2 lan dau, pass lan 3 de demo RetryAnalyzer" finished-at="2026-03-17T15:48:39 ICT" duration-ms="0" status="SKIP">
          <exception class="java.lang.AssertionError">
            <message>
              <![CDATA[Gia lap flaky fail tai lan 2]]>
            </message>
            <full-stacktrace>
              <![CDATA[java.lang.AssertionError: Gia lap flaky fail tai lan 2
at org.testng.Assert.fail(Assert.java:111)
at tests.FlakySimulationTest.flakyTest(FlakySimulationTest.java:17)
at java.base/jdk.internal.reflect.DirectMethodHandleAccessor.invoke(DirectMethodHandleAccessor.java:103)
at java.base/java.lang.reflect.Method.invoke(Method.java:580)
at org.testng.internal.invokers.MethodInvocationHelper.invokeMethod(MethodInvocationHelper.java:141)
at org.testng.internal.invokers.TestInvoker.invokeMethod(TestInvoker.java:686)
at org.testng.internal.invokers.TestInvoker.invokeTestMethod(TestInvoker.java:230)
at org.testng.internal.invokers.MethodRunner.runInSequence(MethodRunner.java:63)
at org.testng.internal.invokers.TestInvoker$MethodInvocationAgent.invoke(TestInvoker.java:992)
at org.testng.internal.invokers.TestInvoker.invokeTestMethods(TestInvoker.java:203)
at org.testng.internal.invokers.TestMethodWorker.invokeTestMethods(TestMethodWorker.java:154)
at org.testng.internal.invokers.TestMethodWorker.run(TestMethodWorker.java:134)
at java.base/java.util.ArrayList.forEach(ArrayList.java:1596)
at org.testng.TestRunner.privateRun(TestRunner.java:739)
at org.testng.TestRunner.run(TestRunner.java:614)
at org.testng.SuiteRunner.runTest(SuiteRunner.java:421)
at org.testng.SuiteRunner$SuiteWorker.run(SuiteRunner.java:463)
at org.testng.internal.thread.ThreadUtil.lambda$execute$0(ThreadUtil.java:64)
at java.base/java.util.concurrent.FutureTask.run(FutureTask.java:317)
at java.base/java.util.concurrent.ThreadPoolExecutor.runWorker(ThreadPoolExecutor.java:1144)
at java.base/java.util.concurrent.ThreadPoolExecutor$Worker.run(ThreadPoolExecutor.java:642)
at java.base/java.lang.Thread.run(Thread.java:1583)
]]>
            </full-stacktrace>
          </exception> <!-- java.lang.AssertionError -->
          <reporter-output>
          </reporter-output>
        </test-method> <!-- flakyTest -->
        <test-method is-config="true" signature="tearDown()[pri:0, instance:tests.FlakySimulationTest@72f926e6]" started-at="2026-03-17T15:48:39 ICT" name="tearDown" finished-at="2026-03-17T15:48:39 ICT" duration-ms="200" status="PASS">
          <reporter-output>
          </reporter-output>
        </test-method> <!-- tearDown -->
        <test-method is-config="true" signature="setUp(java.lang.String)[pri:0, instance:tests.FlakySimulationTest@72f926e6]" started-at="2026-03-17T15:48:39 ICT" name="setUp" finished-at="2026-03-17T15:48:40 ICT" duration-ms="1130" status="PASS">
          <params>
            <param index="0">
              <value>
                <![CDATA[dev]]>
              </value>
            </param>
          </params>
          <reporter-output>
          </reporter-output>
        </test-method> <!-- setUp -->
        <test-method signature="flakyTest()[pri:0, instance:tests.FlakySimulationTest@72f926e6]" started-at="2026-03-17T15:48:40 ICT" name="flakyTest" description="Fail 2 lan dau, pass lan 3 de demo RetryAnalyzer" finished-at="2026-03-17T15:48:40 ICT" duration-ms="0" status="PASS">
          <reporter-output>
          </reporter-output>
        </test-method> <!-- flakyTest -->
        <test-method is-config="true" signature="tearDown()[pri:0, instance:tests.FlakySimulationTest@72f926e6]" started-at="2026-03-17T15:48:40 ICT" name="tearDown" finished-at="2026-03-17T15:48:40 ICT" duration-ms="212" status="PASS">
          <reporter-output>
          </reporter-output>
        </test-method> <!-- tearDown -->
      </class> <!-- tests.FlakySimulationTest -->
    </test> <!-- Retry-Demo-Dev -->
  </suite> <!-- Bai6 Retry Suite -->
</testng-results>
