<?xml version="1.0" encoding="UTF-8"?>
<!-- Generated by org.testng.reporters.JUnitReportReporter -->
<testsuite hostname="18022004-LTHOA" failures="0" tests="2" name="tests.FlakyDemoTest" time="0.010" errors="0" timestamp="2026-03-17T14:55:51 ICT" skipped="1">
  <testcase classname="tests.FlakyDemoTest" name="shouldPassOnSecondAttempt" time="0.000"/>
  <testcase classname="tests.FlakyDemoTest" name="shouldPassOnSecondAttempt" time="0.010">
    <skipped/>
  </testcase> <!-- shouldPassOnSecondAttempt -->
</testsuite> <!-- tests.FlakyDemoTest -->
