<?xml version="1.0" encoding="UTF-8"?>
<testng-results ignored="0" total="3" passed="3" failed="0" skipped="0">
  <reporter-output>
  </reporter-output>
  <suite started-at="2026-03-17T15:43:19 ICT" name="Surefire suite" finished-at="2026-03-17T15:43:26 ICT" duration-ms="6841">
    <groups>
    </groups>
    <test started-at="2026-03-17T15:43:19 ICT" name="Surefire test" finished-at="2026-03-17T15:43:26 ICT" duration-ms="6841">
      <class name="lab9.pom.POMLoginTest">
        <test-method is-config="true" signature="setUp()[pri:0, instance:lab9.pom.POMLoginTest@59d016c9]" started-at="2026-03-17T15:43:22 ICT" name="setUp" finished-at="2026-03-17T15:43:23 ICT" duration-ms="1011" status="PASS">
          <reporter-output>
          </reporter-output>
        </test-method> <!-- setUp -->
        <test-method signature="loginFlow_WithPOM_AndDDT(java.lang.String,java.lang.String,boolean)[pri:0, instance:lab9.pom.POMLoginTest@59d016c9]" started-at="2026-03-17T15:43:23 ICT" name="loginFlow_WithPOM_AndDDT" data-provider="loginData" finished-at="2026-03-17T15:43:24 ICT" duration-ms="1128" status="PASS">
          <params>
            <param index="0">
              <value>
                <![CDATA[standard_user]]>
              </value>
            </param>
            <param index="1">
              <value>
                <![CDATA[secret_sauce]]>
              </value>
            </param>
            <param index="2">
              <value>
                <![CDATA[true]]>
              </value>
            </param>
          </params>
          <reporter-output>
          </reporter-output>
        </test-method> <!-- loginFlow_WithPOM_AndDDT -->
        <test-method is-config="true" signature="tearDown()[pri:0, instance:lab9.pom.POMLoginTest@59d016c9]" started-at="2026-03-17T15:43:24 ICT" name="tearDown" finished-at="2026-03-17T15:43:24 ICT" duration-ms="146" status="PASS">
          <reporter-output>
          </reporter-output>
        </test-method> <!-- tearDown -->
        <test-method is-config="true" signature="setUp()[pri:0, instance:lab9.pom.POMLoginTest@59d016c9]" started-at="2026-03-17T15:43:24 ICT" name="setUp" finished-at="2026-03-17T15:43:25 ICT" duration-ms="1003" status="PASS">
          <reporter-output>
          </reporter-output>
        </test-method> <!-- setUp -->
        <test-method signature="loginFlow_WithPOM_AndDDT(java.lang.String,java.lang.String,boolean)[pri:0, instance:lab9.pom.POMLoginTest@59d016c9]" started-at="2026-03-17T15:43:25 ICT" name="loginFlow_WithPOM_AndDDT" data-provider="loginData" finished-at="2026-03-17T15:43:26 ICT" duration-ms="919" status="PASS">
          <params>
            <param index="0">
              <value>
                <![CDATA[locked_out_user]]>
              </value>
            </param>
            <param index="1">
              <value>
                <![CDATA[wrong_password]]>
              </value>
            </param>
            <param index="2">
              <value>
                <![CDATA[false]]>
              </value>
            </param>
          </params>
          <reporter-output>
          </reporter-output>
        </test-method> <!-- loginFlow_WithPOM_AndDDT -->
        <test-method is-config="true" signature="tearDown()[pri:0, instance:lab9.pom.POMLoginTest@59d016c9]" started-at="2026-03-17T15:43:26 ICT" name="tearDown" finished-at="2026-03-17T15:43:26 ICT" duration-ms="157" status="PASS">
          <reporter-output>
          </reporter-output>
        </test-method> <!-- tearDown -->
      </class> <!-- lab9.pom.POMLoginTest -->
      <class name="lab9.naive.NaiveLoginTest">
        <test-method is-config="true" signature="setUp()[pri:0, instance:lab9.naive.NaiveLoginTest@29176cc1]" started-at="2026-03-17T15:43:19 ICT" name="setUp" finished-at="2026-03-17T15:43:21 ICT" duration-ms="1356" status="PASS">
          <reporter-output>
          </reporter-output>
        </test-method> <!-- setUp -->
        <test-method signature="loginSuccess_NaiveStyle()[pri:0, instance:lab9.naive.NaiveLoginTest@29176cc1]" started-at="2026-03-17T15:43:21 ICT" name="loginSuccess_NaiveStyle" finished-at="2026-03-17T15:43:22 ICT" duration-ms="920" status="PASS">
          <reporter-output>
          </reporter-output>
        </test-method> <!-- loginSuccess_NaiveStyle -->
        <test-method is-config="true" signature="tearDown()[pri:0, instance:lab9.naive.NaiveLoginTest@29176cc1]" started-at="2026-03-17T15:43:22 ICT" name="tearDown" finished-at="2026-03-17T15:43:22 ICT" duration-ms="158" status="PASS">
          <reporter-output>
          </reporter-output>
        </test-method> <!-- tearDown -->
      </class> <!-- lab9.naive.NaiveLoginTest -->
    </test> <!-- Surefire test -->
  </suite> <!-- Surefire suite -->
</testng-results>
