<?xml version="1.0" encoding="UTF-8"?>
<testng-results ignored="0" total="15" passed="15" failed="0" skipped="0">
  <reporter-output>
  </reporter-output>
  <suite started-at="2026-03-17T15:47:38 ICT" name="Bai3ExcelDDTSuite" finished-at="2026-03-17T15:48:12 ICT" duration-ms="34108">
    <groups>
      <group name="regression">
        <method signature="LoginDDTTest.testLoginFromExcel(java.lang.String,java.lang.String,java.lang.String,java.lang.String)[pri:0, instance:tests.LoginDDTTest@6973b51b]" name="testLoginFromExcel" class="tests.LoginDDTTest"/>
        <method signature="LoginDDTTest.testLoginFromExcel(java.lang.String,java.lang.String,java.lang.String,java.lang.String)[pri:0, instance:tests.LoginDDTTest@1bd4fdd]" name="testLoginFromExcel" class="tests.LoginDDTTest"/>
      </group> <!-- regression -->
      <group name="smoke">
        <method signature="LoginDDTTest.testLoginFromExcel(java.lang.String,java.lang.String,java.lang.String,java.lang.String)[pri:0, instance:tests.LoginDDTTest@6973b51b]" name="testLoginFromExcel" class="tests.LoginDDTTest"/>
        <method signature="LoginDDTTest.testLoginFromExcel(java.lang.String,java.lang.String,java.lang.String,java.lang.String)[pri:0, instance:tests.LoginDDTTest@1bd4fdd]" name="testLoginFromExcel" class="tests.LoginDDTTest"/>
      </group> <!-- smoke -->
    </groups>
    <test started-at="2026-03-17T15:47:38 ICT" name="SmokeGroup" finished-at="2026-03-17T15:47:52 ICT" duration-ms="14192">
      <class name="tests.LoginDDTTest">
        <test-method is-config="true" signature="setUp(java.lang.String,java.lang.String)[pri:0, instance:tests.LoginDDTTest@6973b51b]" started-at="2026-03-17T15:47:39 ICT" name="setUp" test-instance-name="ExcelLoginCase" finished-at="2026-03-17T15:47:41 ICT" duration-ms="2135" status="PASS">
          <params>
            <param index="0">
              <value>
                <![CDATA[chrome]]>
              </value>
            </param>
            <param index="1">
              <value>
                <![CDATA[dev]]>
              </value>
            </param>
          </params>
          <reporter-output>
          </reporter-output>
        </test-method> <!-- setUp -->
        <test-method signature="testLoginFromExcel(java.lang.String,java.lang.String,java.lang.String,java.lang.String)[pri:0, instance:tests.LoginDDTTest@6973b51b]" started-at="2026-03-17T15:47:41 ICT" name="testLoginFromExcel" data-provider="excelLoginData" test-instance-name="ExcelLoginCase" finished-at="2026-03-17T15:47:42 ICT" duration-ms="1041" status="PASS">
          <params>
            <param index="0">
              <value>
                <![CDATA[standard_user]]>
              </value>
            </param>
            <param index="1">
              <value>
                <![CDATA[secret_sauce]]>
              </value>
            </param>
            <param index="2">
              <value>
                <![CDATA[https://www.saucedemo.com/inventory.html]]>
              </value>
            </param>
            <param index="3">
              <value>
                <![CDATA[valid_standard_user]]>
              </value>
            </param>
          </params>
          <reporter-output>
          </reporter-output>
        </test-method> <!-- testLoginFromExcel -->
        <test-method is-config="true" signature="tearDown()[pri:0, instance:tests.LoginDDTTest@6973b51b]" started-at="2026-03-17T15:47:42 ICT" name="tearDown" test-instance-name="ExcelLoginCase" finished-at="2026-03-17T15:47:42 ICT" duration-ms="278" status="PASS">
          <reporter-output>
          </reporter-output>
        </test-method> <!-- tearDown -->
        <test-method is-config="true" signature="setUp(java.lang.String,java.lang.String)[pri:0, instance:tests.LoginDDTTest@6973b51b]" started-at="2026-03-17T15:47:42 ICT" name="setUp" test-instance-name="ExcelLoginCase" finished-at="2026-03-17T15:47:44 ICT" duration-ms="1696" status="PASS">
          <params>
            <param index="0">
              <value>
                <![CDATA[chrome]]>
              </value>
            </param>
            <param index="1">
              <value>
                <![CDATA[dev]]>
              </value>
            </param>
          </params>
          <reporter-output>
          </reporter-output>
        </test-method> <!-- setUp -->
        <test-method signature="testLoginFromExcel(java.lang.String,java.lang.String,java.lang.String,java.lang.String)[pri:0, instance:tests.LoginDDTTest@6973b51b]" started-at="2026-03-17T15:47:44 ICT" name="testLoginFromExcel" data-provider="excelLoginData" test-instance-name="ExcelLoginCase" finished-at="2026-03-17T15:47:45 ICT" duration-ms="666" status="PASS">
          <params>
            <param index="0">
              <value>
                <![CDATA[problem_user]]>
              </value>
            </param>
            <param index="1">
              <value>
                <![CDATA[secret_sauce]]>
              </value>
            </param>
            <param index="2">
              <value>
                <![CDATA[https://www.saucedemo.com/inventory.html]]>
              </value>
            </param>
            <param index="3">
              <value>
                <![CDATA[valid_problem_user]]>
              </value>
            </param>
          </params>
          <reporter-output>
          </reporter-output>
        </test-method> <!-- testLoginFromExcel -->
        <test-method is-config="true" signature="tearDown()[pri:0, instance:tests.LoginDDTTest@6973b51b]" started-at="2026-03-17T15:47:45 ICT" name="tearDown" test-instance-name="ExcelLoginCase" finished-at="2026-03-17T15:47:45 ICT" duration-ms="215" status="PASS">
          <reporter-output>
          </reporter-output>
        </test-method> <!-- tearDown -->
        <test-method is-config="true" signature="setUp(java.lang.String,java.lang.String)[pri:0, instance:tests.LoginDDTTest@6973b51b]" started-at="2026-03-17T15:47:45 ICT" name="setUp" test-instance-name="ExcelLoginCase" finished-at="2026-03-17T15:47:46 ICT" duration-ms="1461" status="PASS">
          <params>
            <param index="0">
              <value>
                <![CDATA[chrome]]>
              </value>
            </param>
            <param index="1">
              <value>
                <![CDATA[dev]]>
              </value>
            </param>
          </params>
          <reporter-output>
          </reporter-output>
        </test-method> <!-- setUp -->
        <test-method signature="testLoginFromExcel(java.lang.String,java.lang.String,java.lang.String,java.lang.String)[pri:0, instance:tests.LoginDDTTest@6973b51b]" started-at="2026-03-17T15:47:46 ICT" name="testLoginFromExcel" data-provider="excelLoginData" test-instance-name="ExcelLoginCase" finished-at="2026-03-17T15:47:52 ICT" duration-ms="5959" status="PASS">
          <params>
            <param index="0">
              <value>
                <![CDATA[performance_glitch_user]]>
              </value>
            </param>
            <param index="1">
              <value>
                <![CDATA[secret_sauce]]>
              </value>
            </param>
            <param index="2">
              <value>
                <![CDATA[https://www.saucedemo.com/inventory.html]]>
              </value>
            </param>
            <param index="3">
              <value>
                <![CDATA[valid_performance_user]]>
              </value>
            </param>
          </params>
          <reporter-output>
          </reporter-output>
        </test-method> <!-- testLoginFromExcel -->
        <test-method is-config="true" signature="tearDown()[pri:0, instance:tests.LoginDDTTest@6973b51b]" started-at="2026-03-17T15:47:52 ICT" name="tearDown" test-instance-name="ExcelLoginCase" finished-at="2026-03-17T15:47:52 ICT" duration-ms="145" status="PASS">
          <reporter-output>
          </reporter-output>
        </test-method> <!-- tearDown -->
      </class> <!-- tests.LoginDDTTest -->
    </test> <!-- SmokeGroup -->
    <test started-at="2026-03-17T15:47:38 ICT" name="RegressionGroup" finished-at="2026-03-17T15:48:12 ICT" duration-ms="34108">
      <class name="tests.LoginDDTTest">
        <test-method is-config="true" signature="setUp(java.lang.String,java.lang.String)[pri:0, instance:tests.LoginDDTTest@1bd4fdd]" started-at="2026-03-17T15:47:39 ICT" name="setUp" test-instance-name="ExcelLoginCase" finished-at="2026-03-17T15:47:41 ICT" duration-ms="2125" status="PASS">
          <params>
            <param index="0">
              <value>
                <![CDATA[chrome]]>
              </value>
            </param>
            <param index="1">
              <value>
                <![CDATA[dev]]>
              </value>
            </param>
          </params>
          <reporter-output>
          </reporter-output>
        </test-method> <!-- setUp -->
        <test-method signature="testLoginFromExcel(java.lang.String,java.lang.String,java.lang.String,java.lang.String)[pri:0, instance:tests.LoginDDTTest@1bd4fdd]" started-at="2026-03-17T15:47:41 ICT" name="testLoginFromExcel" data-provider="excelLoginData" test-instance-name="ExcelLoginCase" finished-at="2026-03-17T15:47:42 ICT" duration-ms="1520" status="PASS">
          <params>
            <param index="0">
              <value>
                <![CDATA[standard_user]]>
              </value>
            </param>
            <param index="1">
              <value>
                <![CDATA[secret_sauce]]>
              </value>
            </param>
            <param index="2">
              <value>
                <![CDATA[https://www.saucedemo.com/inventory.html]]>
              </value>
            </param>
            <param index="3">
              <value>
                <![CDATA[valid_standard_user]]>
              </value>
            </param>
          </params>
          <reporter-output>
          </reporter-output>
        </test-method> <!-- testLoginFromExcel -->
        <test-method is-config="true" signature="tearDown()[pri:0, instance:tests.LoginDDTTest@1bd4fdd]" started-at="2026-03-17T15:47:42 ICT" name="tearDown" test-instance-name="ExcelLoginCase" finished-at="2026-03-17T15:47:43 ICT" duration-ms="199" status="PASS">
          <reporter-output>
          </reporter-output>
        </test-method> <!-- tearDown -->
        <test-method is-config="true" signature="setUp(java.lang.String,java.lang.String)[pri:0, instance:tests.LoginDDTTest@1bd4fdd]" started-at="2026-03-17T15:47:43 ICT" name="setUp" test-instance-name="ExcelLoginCase" finished-at="2026-03-17T15:47:44 ICT" duration-ms="1441" status="PASS">
          <params>
            <param index="0">
              <value>
                <![CDATA[chrome]]>
              </value>
            </param>
            <param index="1">
              <value>
                <![CDATA[dev]]>
              </value>
            </param>
          </params>
          <reporter-output>
          </reporter-output>
        </test-method> <!-- setUp -->
        <test-method signature="testLoginFromExcel(java.lang.String,java.lang.String,java.lang.String,java.lang.String)[pri:0, instance:tests.LoginDDTTest@1bd4fdd]" started-at="2026-03-17T15:47:44 ICT" name="testLoginFromExcel" data-provider="excelLoginData" test-instance-name="ExcelLoginCase" finished-at="2026-03-17T15:47:46 ICT" duration-ms="1508" status="PASS">
          <params>
            <param index="0">
              <value>
                <![CDATA[problem_user]]>
              </value>
            </param>
            <param index="1">
              <value>
                <![CDATA[secret_sauce]]>
              </value>
            </param>
            <param index="2">
              <value>
                <![CDATA[https://www.saucedemo.com/inventory.html]]>
              </value>
            </param>
            <param index="3">
              <value>
                <![CDATA[valid_problem_user]]>
              </value>
            </param>
          </params>
          <reporter-output>
          </reporter-output>
        </test-method> <!-- testLoginFromExcel -->
        <test-method is-config="true" signature="tearDown()[pri:0, instance:tests.LoginDDTTest@1bd4fdd]" started-at="2026-03-17T15:47:46 ICT" name="tearDown" test-instance-name="ExcelLoginCase" finished-at="2026-03-17T15:47:46 ICT" duration-ms="172" status="PASS">
          <reporter-output>
          </reporter-output>
        </test-method> <!-- tearDown -->
        <test-method is-config="true" signature="setUp(java.lang.String,java.lang.String)[pri:0, instance:tests.LoginDDTTest@1bd4fdd]" started-at="2026-03-17T15:47:46 ICT" name="setUp" test-instance-name="ExcelLoginCase" finished-at="2026-03-17T15:47:47 ICT" duration-ms="1226" status="PASS">
          <params>
            <param index="0">
              <value>
                <![CDATA[chrome]]>
              </value>
            </param>
            <param index="1">
              <value>
                <![CDATA[dev]]>
              </value>
            </param>
          </params>
          <reporter-output>
          </reporter-output>
        </test-method> <!-- setUp -->
        <test-method signature="testLoginFromExcel(java.lang.String,java.lang.String,java.lang.String,java.lang.String)[pri:0, instance:tests.LoginDDTTest@1bd4fdd]" started-at="2026-03-17T15:47:47 ICT" name="testLoginFromExcel" data-provider="excelLoginData" test-instance-name="ExcelLoginCase" finished-at="2026-03-17T15:47:53 ICT" duration-ms="6269" status="PASS">
          <params>
            <param index="0">
              <value>
                <![CDATA[performance_glitch_user]]>
              </value>
            </param>
            <param index="1">
              <value>
                <![CDATA[secret_sauce]]>
              </value>
            </param>
            <param index="2">
              <value>
                <![CDATA[https://www.saucedemo.com/inventory.html]]>
              </value>
            </param>
            <param index="3">
              <value>
                <![CDATA[valid_performance_user]]>
              </value>
            </param>
          </params>
          <reporter-output>
          </reporter-output>
        </test-method> <!-- testLoginFromExcel -->
        <test-method is-config="true" signature="tearDown()[pri:0, instance:tests.LoginDDTTest@1bd4fdd]" started-at="2026-03-17T15:47:53 ICT" name="tearDown" test-instance-name="ExcelLoginCase" finished-at="2026-03-17T15:47:53 ICT" duration-ms="138" status="PASS">
          <reporter-output>
          </reporter-output>
        </test-method> <!-- tearDown -->
        <test-method is-config="true" signature="setUp(java.lang.String,java.lang.String)[pri:0, instance:tests.LoginDDTTest@1bd4fdd]" started-at="2026-03-17T15:47:53 ICT" name="setUp" test-instance-name="ExcelLoginCase" finished-at="2026-03-17T15:47:55 ICT" duration-ms="1450" status="PASS">
          <params>
            <param index="0">
              <value>
                <![CDATA[chrome]]>
              </value>
            </param>
            <param index="1">
              <value>
                <![CDATA[dev]]>
              </value>
            </param>
          </params>
          <reporter-output>
          </reporter-output>
        </test-method> <!-- setUp -->
        <test-method signature="testLoginFromExcel(java.lang.String,java.lang.String,java.lang.String,java.lang.String)[pri:0, instance:tests.LoginDDTTest@1bd4fdd]" started-at="2026-03-17T15:47:55 ICT" name="testLoginFromExcel" data-provider="excelLoginData" test-instance-name="ExcelLoginCase" finished-at="2026-03-17T15:47:55 ICT" duration-ms="445" status="PASS">
          <params>
            <param index="0">
              <value>
                <![CDATA[locked_out_user]]>
              </value>
            </param>
            <param index="1">
              <value>
                <![CDATA[secret_sauce]]>
              </value>
            </param>
            <param index="2">
              <value>
                <![CDATA[Epic sadface]]>
              </value>
            </param>
            <param index="3">
              <value>
                <![CDATA[locked_user_login]]>
              </value>
            </param>
          </params>
          <reporter-output>
          </reporter-output>
        </test-method> <!-- testLoginFromExcel -->
        <test-method is-config="true" signature="tearDown()[pri:0, instance:tests.LoginDDTTest@1bd4fdd]" started-at="2026-03-17T15:47:55 ICT" name="tearDown" test-instance-name="ExcelLoginCase" finished-at="2026-03-17T15:47:55 ICT" duration-ms="132" status="PASS">
          <reporter-output>
          </reporter-output>
        </test-method> <!-- tearDown -->
        <test-method is-config="true" signature="setUp(java.lang.String,java.lang.String)[pri:0, instance:tests.LoginDDTTest@1bd4fdd]" started-at="2026-03-17T15:47:55 ICT" name="setUp" test-instance-name="ExcelLoginCase" finished-at="2026-03-17T15:47:57 ICT" duration-ms="1369" status="PASS">
          <params>
            <param index="0">
              <value>
                <![CDATA[chrome]]>
              </value>
            </param>
            <param index="1">
              <value>
                <![CDATA[dev]]>
              </value>
            </param>
          </params>
          <reporter-output>
          </reporter-output>
        </test-method> <!-- setUp -->
        <test-method signature="testLoginFromExcel(java.lang.String,java.lang.String,java.lang.String,java.lang.String)[pri:0, instance:tests.LoginDDTTest@1bd4fdd]" started-at="2026-03-17T15:47:57 ICT" name="testLoginFromExcel" data-provider="excelLoginData" test-instance-name="ExcelLoginCase" finished-at="2026-03-17T15:47:57 ICT" duration-ms="463" status="PASS">
          <params>
            <param index="0">
              <value>
                <![CDATA[standard_user]]>
              </value>
            </param>
            <param index="1">
              <value>
                <![CDATA[wrongpass]]>
              </value>
            </param>
            <param index="2">
              <value>
                <![CDATA[do not match]]>
              </value>
            </param>
            <param index="3">
              <value>
                <![CDATA[wrong_password]]>
              </value>
            </param>
          </params>
          <reporter-output>
          </reporter-output>
        </test-method> <!-- testLoginFromExcel -->
        <test-method is-config="true" signature="tearDown()[pri:0, instance:tests.LoginDDTTest@1bd4fdd]" started-at="2026-03-17T15:47:57 ICT" name="tearDown" test-instance-name="ExcelLoginCase" finished-at="2026-03-17T15:47:57 ICT" duration-ms="136" status="PASS">
          <reporter-output>
          </reporter-output>
        </test-method> <!-- tearDown -->
        <test-method is-config="true" signature="setUp(java.lang.String,java.lang.String)[pri:0, instance:tests.LoginDDTTest@1bd4fdd]" started-at="2026-03-17T15:47:57 ICT" name="setUp" test-instance-name="ExcelLoginCase" finished-at="2026-03-17T15:47:59 ICT" duration-ms="1593" status="PASS">
          <params>
            <param index="0">
              <value>
                <![CDATA[chrome]]>
              </value>
            </param>
            <param index="1">
              <value>
                <![CDATA[dev]]>
              </value>
            </param>
          </params>
          <reporter-output>
          </reporter-output>
        </test-method> <!-- setUp -->
        <test-method signature="testLoginFromExcel(java.lang.String,java.lang.String,java.lang.String,java.lang.String)[pri:0, instance:tests.LoginDDTTest@1bd4fdd]" started-at="2026-03-17T15:47:59 ICT" name="testLoginFromExcel" data-provider="excelLoginData" test-instance-name="ExcelLoginCase" finished-at="2026-03-17T15:47:59 ICT" duration-ms="401" status="PASS">
          <params>
            <param index="0">
              <value>
                <![CDATA[]]>
              </value>
            </param>
            <param index="1">
              <value>
                <![CDATA[secret_sauce]]>
              </value>
            </param>
            <param index="2">
              <value>
                <![CDATA[Username is required]]>
              </value>
            </param>
            <param index="3">
              <value>
                <![CDATA[empty_username]]>
              </value>
            </param>
          </params>
          <reporter-output>
          </reporter-output>
        </test-method> <!-- testLoginFromExcel -->
        <test-method is-config="true" signature="tearDown()[pri:0, instance:tests.LoginDDTTest@1bd4fdd]" started-at="2026-03-17T15:47:59 ICT" name="tearDown" test-instance-name="ExcelLoginCase" finished-at="2026-03-17T15:48:00 ICT" duration-ms="214" status="PASS">
          <reporter-output>
          </reporter-output>
        </test-method> <!-- tearDown -->
        <test-method is-config="true" signature="setUp(java.lang.String,java.lang.String)[pri:0, instance:tests.LoginDDTTest@1bd4fdd]" started-at="2026-03-17T15:48:00 ICT" name="setUp" test-instance-name="ExcelLoginCase" finished-at="2026-03-17T15:48:01 ICT" duration-ms="1468" status="PASS">
          <params>
            <param index="0">
              <value>
                <![CDATA[chrome]]>
              </value>
            </param>
            <param index="1">
              <value>
                <![CDATA[dev]]>
              </value>
            </param>
          </params>
          <reporter-output>
          </reporter-output>
        </test-method> <!-- setUp -->
        <test-method signature="testLoginFromExcel(java.lang.String,java.lang.String,java.lang.String,java.lang.String)[pri:0, instance:tests.LoginDDTTest@1bd4fdd]" started-at="2026-03-17T15:48:01 ICT" name="testLoginFromExcel" data-provider="excelLoginData" test-instance-name="ExcelLoginCase" finished-at="2026-03-17T15:48:02 ICT" duration-ms="457" status="PASS">
          <params>
            <param index="0">
              <value>
                <![CDATA[standard_user]]>
              </value>
            </param>
            <param index="1">
              <value>
                <![CDATA[]]>
              </value>
            </param>
            <param index="2">
              <value>
                <![CDATA[Password is required]]>
              </value>
            </param>
            <param index="3">
              <value>
                <![CDATA[empty_password]]>
              </value>
            </param>
          </params>
          <reporter-output>
          </reporter-output>
        </test-method> <!-- testLoginFromExcel -->
        <test-method is-config="true" signature="tearDown()[pri:0, instance:tests.LoginDDTTest@1bd4fdd]" started-at="2026-03-17T15:48:02 ICT" name="tearDown" test-instance-name="ExcelLoginCase" finished-at="2026-03-17T15:48:02 ICT" duration-ms="160" status="PASS">
          <reporter-output>
          </reporter-output>
        </test-method> <!-- tearDown -->
        <test-method is-config="true" signature="setUp(java.lang.String,java.lang.String)[pri:0, instance:tests.LoginDDTTest@1bd4fdd]" started-at="2026-03-17T15:48:02 ICT" name="setUp" test-instance-name="ExcelLoginCase" finished-at="2026-03-17T15:48:03 ICT" duration-ms="1461" status="PASS">
          <params>
            <param index="0">
              <value>
                <![CDATA[chrome]]>
              </value>
            </param>
            <param index="1">
              <value>
                <![CDATA[dev]]>
              </value>
            </param>
          </params>
          <reporter-output>
          </reporter-output>
        </test-method> <!-- setUp -->
        <test-method signature="testLoginFromExcel(java.lang.String,java.lang.String,java.lang.String,java.lang.String)[pri:0, instance:tests.LoginDDTTest@1bd4fdd]" started-at="2026-03-17T15:48:03 ICT" name="testLoginFromExcel" data-provider="excelLoginData" test-instance-name="ExcelLoginCase" finished-at="2026-03-17T15:48:04 ICT" duration-ms="838" status="PASS">
          <params>
            <param index="0">
              <value>
                <![CDATA[' OR 1=1 --]]>
              </value>
            </param>
            <param index="1">
              <value>
                <![CDATA[secret_sauce]]>
              </value>
            </param>
            <param index="2">
              <value>
                <![CDATA[do not match]]>
              </value>
            </param>
            <param index="3">
              <value>
                <![CDATA[sql_injection_attempt]]>
              </value>
            </param>
          </params>
          <reporter-output>
          </reporter-output>
        </test-method> <!-- testLoginFromExcel -->
        <test-method is-config="true" signature="tearDown()[pri:0, instance:tests.LoginDDTTest@1bd4fdd]" started-at="2026-03-17T15:48:04 ICT" name="tearDown" test-instance-name="ExcelLoginCase" finished-at="2026-03-17T15:48:04 ICT" duration-ms="157" status="PASS">
          <reporter-output>
          </reporter-output>
        </test-method> <!-- tearDown -->
        <test-method is-config="true" signature="setUp(java.lang.String,java.lang.String)[pri:0, instance:tests.LoginDDTTest@1bd4fdd]" started-at="2026-03-17T15:48:04 ICT" name="setUp" test-instance-name="ExcelLoginCase" finished-at="2026-03-17T15:48:06 ICT" duration-ms="1562" status="PASS">
          <params>
            <param index="0">
              <value>
                <![CDATA[chrome]]>
              </value>
            </param>
            <param index="1">
              <value>
                <![CDATA[dev]]>
              </value>
            </param>
          </params>
          <reporter-output>
          </reporter-output>
        </test-method> <!-- setUp -->
        <test-method signature="testLoginFromExcel(java.lang.String,java.lang.String,java.lang.String,java.lang.String)[pri:0, instance:tests.LoginDDTTest@1bd4fdd]" started-at="2026-03-17T15:48:06 ICT" name="testLoginFromExcel" data-provider="excelLoginData" test-instance-name="ExcelLoginCase" finished-at="2026-03-17T15:48:06 ICT" duration-ms="574" status="PASS">
          <params>
            <param index="0">
              <value>
                <![CDATA[aaaaaaaaaaaaaaaaaaaaaaaaaaaaaaaaaaaaaaaaaaaaaaaaaaaaaaaaaaaa]]>
              </value>
            </param>
            <param index="1">
              <value>
                <![CDATA[secret_sauce]]>
              </value>
            </param>
            <param index="2">
              <value>
                <![CDATA[do not match]]>
              </value>
            </param>
            <param index="3">
              <value>
                <![CDATA[very_long_username]]>
              </value>
            </param>
          </params>
          <reporter-output>
          </reporter-output>
        </test-method> <!-- testLoginFromExcel -->
        <test-method is-config="true" signature="tearDown()[pri:0, instance:tests.LoginDDTTest@1bd4fdd]" started-at="2026-03-17T15:48:06 ICT" name="tearDown" test-instance-name="ExcelLoginCase" finished-at="2026-03-17T15:48:06 ICT" duration-ms="137" status="PASS">
          <reporter-output>
          </reporter-output>
        </test-method> <!-- tearDown -->
        <test-method is-config="true" signature="setUp(java.lang.String,java.lang.String)[pri:0, instance:tests.LoginDDTTest@1bd4fdd]" started-at="2026-03-17T15:48:06 ICT" name="setUp" test-instance-name="ExcelLoginCase" finished-at="2026-03-17T15:48:08 ICT" duration-ms="1361" status="PASS">
          <params>
            <param index="0">
              <value>
                <![CDATA[chrome]]>
              </value>
            </param>
            <param index="1">
              <value>
                <![CDATA[dev]]>
              </value>
            </param>
          </params>
          <reporter-output>
          </reporter-output>
        </test-method> <!-- setUp -->
        <test-method signature="testLoginFromExcel(java.lang.String,java.lang.String,java.lang.String,java.lang.String)[pri:0, instance:tests.LoginDDTTest@1bd4fdd]" started-at="2026-03-17T15:48:08 ICT" name="testLoginFromExcel" data-provider="excelLoginData" test-instance-name="ExcelLoginCase" finished-at="2026-03-17T15:48:08 ICT" duration-ms="366" status="PASS">
          <params>
            <param index="0">
              <value>
                <![CDATA[standard_user]]>
              </value>
            </param>
            <param index="1">
              <value>
                <![CDATA[xxxxxxxxxxxxxxxxxxxxxxxxxxxxxxxxxxxxxxxxxxxxxxxxxxxxxxxxxxxx]]>
              </value>
            </param>
            <param index="2">
              <value>
                <![CDATA[do not match]]>
              </value>
            </param>
            <param index="3">
              <value>
                <![CDATA[very_long_password]]>
              </value>
            </param>
          </params>
          <reporter-output>
          </reporter-output>
        </test-method> <!-- testLoginFromExcel -->
        <test-method is-config="true" signature="tearDown()[pri:0, instance:tests.LoginDDTTest@1bd4fdd]" started-at="2026-03-17T15:48:08 ICT" name="tearDown" test-instance-name="ExcelLoginCase" finished-at="2026-03-17T15:48:08 ICT" duration-ms="120" status="PASS">
          <reporter-output>
          </reporter-output>
        </test-method> <!-- tearDown -->
        <test-method is-config="true" signature="setUp(java.lang.String,java.lang.String)[pri:0, instance:tests.LoginDDTTest@1bd4fdd]" started-at="2026-03-17T15:48:08 ICT" name="setUp" test-instance-name="ExcelLoginCase" finished-at="2026-03-17T15:48:10 ICT" duration-ms="1325" status="PASS">
          <params>
            <param index="0">
              <value>
                <![CDATA[chrome]]>
              </value>
            </param>
            <param index="1">
              <value>
                <![CDATA[dev]]>
              </value>
            </param>
          </params>
          <reporter-output>
          </reporter-output>
        </test-method> <!-- setUp -->
        <test-method signature="testLoginFromExcel(java.lang.String,java.lang.String,java.lang.String,java.lang.String)[pri:0, instance:tests.LoginDDTTest@1bd4fdd]" started-at="2026-03-17T15:48:10 ICT" name="testLoginFromExcel" data-provider="excelLoginData" test-instance-name="ExcelLoginCase" finished-at="2026-03-17T15:48:10 ICT" duration-ms="445" status="PASS">
          <params>
            <param index="0">
              <value>
                <![CDATA[!@#$%^&*()]]>
              </value>
            </param>
            <param index="1">
              <value>
                <![CDATA[secret_sauce]]>
              </value>
            </param>
            <param index="2">
              <value>
                <![CDATA[do not match]]>
              </value>
            </param>
            <param index="3">
              <value>
                <![CDATA[special_character_username]]>
              </value>
            </param>
          </params>
          <reporter-output>
          </reporter-output>
        </test-method> <!-- testLoginFromExcel -->
        <test-method is-config="true" signature="tearDown()[pri:0, instance:tests.LoginDDTTest@1bd4fdd]" started-at="2026-03-17T15:48:10 ICT" name="tearDown" test-instance-name="ExcelLoginCase" finished-at="2026-03-17T15:48:10 ICT" duration-ms="237" status="PASS">
          <reporter-output>
          </reporter-output>
        </test-method> <!-- tearDown -->
        <test-method is-config="true" signature="setUp(java.lang.String,java.lang.String)[pri:0, instance:tests.LoginDDTTest@1bd4fdd]" started-at="2026-03-17T15:48:10 ICT" name="setUp" test-instance-name="ExcelLoginCase" finished-at="2026-03-17T15:48:12 ICT" duration-ms="1376" status="PASS">
          <params>
            <param index="0">
              <value>
                <![CDATA[chrome]]>
              </value>
            </param>
            <param index="1">
              <value>
                <![CDATA[dev]]>
              </value>
            </param>
          </params>
          <reporter-output>
          </reporter-output>
        </test-method> <!-- setUp -->
        <test-method signature="testLoginFromExcel(java.lang.String,java.lang.String,java.lang.String,java.lang.String)[pri:0, instance:tests.LoginDDTTest@1bd4fdd]" started-at="2026-03-17T15:48:12 ICT" name="testLoginFromExcel" data-provider="excelLoginData" test-instance-name="ExcelLoginCase" finished-at="2026-03-17T15:48:12 ICT" duration-ms="466" status="PASS">
          <params>
            <param index="0">
              <value>
                <![CDATA[standard_user]]>
              </value>
            </param>
            <param index="1">
              <value>
                <![CDATA[wrongpass]]>
              </value>
            </param>
            <param index="2">
              <value>
                <![CDATA[do not match]]>
              </value>
            </param>
            <param index="3">
              <value>
                <![CDATA[formula_expected_error]]>
              </value>
            </param>
          </params>
          <reporter-output>
          </reporter-output>
        </test-method> <!-- testLoginFromExcel -->
        <test-method is-config="true" signature="tearDown()[pri:0, instance:tests.LoginDDTTest@1bd4fdd]" started-at="2026-03-17T15:48:12 ICT" name="tearDown" test-instance-name="ExcelLoginCase" finished-at="2026-03-17T15:48:12 ICT" duration-ms="134" status="PASS">
          <reporter-output>
          </reporter-output>
        </test-method> <!-- tearDown -->
      </class> <!-- tests.LoginDDTTest -->
    </test> <!-- RegressionGroup -->
  </suite> <!-- Bai3ExcelDDTSuite -->
</testng-results>
