<?xml version="1.0" encoding="UTF-8"?>
<testng-results ignored="0" total="1" passed="1" failed="0" skipped="0">
  <reporter-output>
  </reporter-output>
  <suite started-at="2026-03-17T14:06:30 ICT" name="Surefire suite" finished-at="2026-03-17T14:06:32 ICT" duration-ms="2468">
    <groups>
    </groups>
    <test started-at="2026-03-17T14:06:30 ICT" name="Surefire test" finished-at="2026-03-17T14:06:32 ICT" duration-ms="2468">
      <class name="tests.LoginTest">
        <test-method is-config="true" signature="setUp()[pri:0, instance:tests.LoginTest@794cb805]" started-at="2026-03-17T14:06:30 ICT" name="setUp" finished-at="2026-03-17T14:06:31 ICT" duration-ms="1207" status="PASS">
          <reporter-output>
          </reporter-output>
        </test-method> <!-- setUp -->
        <test-method signature="loginSuccessAndAddItemToCart()[pri:0, instance:tests.LoginTest@794cb805]" started-at="2026-03-17T14:06:31 ICT" name="loginSuccessAndAddItemToCart" finished-at="2026-03-17T14:06:32 ICT" duration-ms="1060" status="PASS">
          <reporter-output>
          </reporter-output>
        </test-method> <!-- loginSuccessAndAddItemToCart -->
        <test-method is-config="true" signature="tearDown()[pri:0, instance:tests.LoginTest@794cb805]" started-at="2026-03-17T14:06:32 ICT" name="tearDown" finished-at="2026-03-17T14:06:32 ICT" duration-ms="176" status="PASS">
          <reporter-output>
          </reporter-output>
        </test-method> <!-- tearDown -->
      </class> <!-- tests.LoginTest -->
    </test> <!-- Surefire test -->
  </suite> <!-- Surefire suite -->
</testng-results>
