<?xml version="1.0" encoding="UTF-8"?>
<!-- Generated by org.testng.reporters.JUnitReportReporter -->
<testsuite hostname="18022004-LTHOA" failures="0" tests="3" name="tests.LoginTest" time="13.708" errors="0" timestamp="2026-03-17T15:47:34 ICT" skipped="0">
  <testcase classname="tests.LoginTest" name="testLoginFail_InvalidPassword" time="4.493"/>
  <testcase classname="tests.LoginTest" name="testLoginSuccess" time="4.534"/>
  <testcase classname="tests.LoginTest" name="testLoginFail_EmptyUsername" time="4.681"/>
</testsuite> <!-- tests.LoginTest -->
