<?xml version="1.0" encoding="UTF-8"?>
<!-- Generated by org.testng.reporters.JUnitReportReporter -->
<testsuite hostname="18022004-LTHOA" failures="0" tests="3" name="tests.CartTest" time="23.603" errors="0" timestamp="2026-03-17T15:47:34 ICT" skipped="0">
  <testcase classname="tests.CartTest" name="testRemoveItemFromCart" time="9.699"/>
  <testcase classname="tests.CartTest" name="testCartEmpty" time="9.717"/>
  <testcase classname="tests.CartTest" name="testAddItemToCart" time="4.187"/>
</testsuite> <!-- tests.CartTest -->
