<?xml version="1.0" encoding="UTF-8"?>
<!-- Generated by org.testng.reporters.JUnitXMLReporter -->
<testsuite ignored="0" hostname="18022004-LTHOA" failures="0" tests="2" name="Retry-Demo-Staging" time="3.388" errors="0" timestamp="2026-03-17T15:48:40 ICT">
  <testcase classname="tests.FlakySimulationTest" name="flakyTest" time="0.008">
    <skipped/>
  </testcase> <!-- flakyTest -->
  <testcase classname="tests.FlakySimulationTest" name="flakyTest" time="0.001"/>
</testsuite> <!-- Retry-Demo-Staging -->
