<?xml version="1.0" encoding="UTF-8"?>
<!-- Generated by org.testng.reporters.JUnitXMLReporter -->
<testsuite ignored="0" hostname="18022004-LTHOA" failures="0" tests="2" name="RetryDemoTests" time="0.05" errors="0" timestamp="2026-03-17T14:55:51 ICT">
  <testcase classname="tests.FlakyDemoTest" name="shouldPassOnSecondAttempt" time="0.01">
    <skipped/>
  </testcase> <!-- shouldPassOnSecondAttempt -->
  <testcase classname="tests.FlakyDemoTest" name="shouldPassOnSecondAttempt" time="0.0"/>
</testsuite> <!-- RetryDemoTests -->
