<?xml version="1.0" encoding="UTF-8"?>
<testng-results ignored="0" total="1" passed="1" failed="0" skipped="0">
  <reporter-output>
  </reporter-output>
  <suite started-at="2026-03-17T15:48:31 ICT" name="Bai5Suite" finished-at="2026-03-17T15:48:33 ICT" duration-ms="2042">
    <groups>
    </groups>
    <test started-at="2026-03-17T15:48:31 ICT" name="ConfigDemo" finished-at="2026-03-17T15:48:33 ICT" duration-ms="2042">
      <class name="tests.ConfigDemoTest">
        <test-method is-config="true" signature="setUp(java.lang.String,java.lang.String)[pri:0, instance:tests.ConfigDemoTest@41fbdac4]" started-at="2026-03-17T15:48:31 ICT" name="setUp" finished-at="2026-03-17T15:48:33 ICT" duration-ms="1849" status="PASS">
          <params>
            <param index="0">
              <value>
                <![CDATA[chrome]]>
              </value>
            </param>
            <param index="1">
              <value>
                <![CDATA[dev]]>
              </value>
            </param>
          </params>
          <reporter-output>
          </reporter-output>
        </test-method> <!-- setUp -->
        <test-method signature="shouldLoadConfigByEnvironment()[pri:0, instance:tests.ConfigDemoTest@41fbdac4]" started-at="2026-03-17T15:48:33 ICT" name="shouldLoadConfigByEnvironment" finished-at="2026-03-17T15:48:33 ICT" duration-ms="4" status="PASS">
          <reporter-output>
          </reporter-output>
        </test-method> <!-- shouldLoadConfigByEnvironment -->
        <test-method is-config="true" signature="tearDown()[pri:0, instance:tests.ConfigDemoTest@41fbdac4]" started-at="2026-03-17T15:48:33 ICT" name="tearDown" finished-at="2026-03-17T15:48:33 ICT" duration-ms="157" status="PASS">
          <reporter-output>
          </reporter-output>
        </test-method> <!-- tearDown -->
      </class> <!-- tests.ConfigDemoTest -->
    </test> <!-- ConfigDemo -->
  </suite> <!-- Bai5Suite -->
</testng-results>
