<?xml version="1.0" encoding="UTF-8"?>
<!-- Generated by org.testng.reporters.JUnitReportReporter -->
<testsuite hostname="18022004-LTHOA" failures="0" tests="4" name="tests.FlakySimulationTest" time="6.693" errors="0" timestamp="2026-03-17T15:48:40 ICT" skipped="2">
  <testcase classname="tests.FlakySimulationTest" name="flakyTest" time="1.303">
    <skipped/>
  </testcase> <!-- flakyTest -->
  <testcase classname="tests.FlakySimulationTest" name="flakyTest" time="2.026"/>
  <testcase classname="tests.FlakySimulationTest" name="flakyTest" time="1.330">
    <skipped/>
  </testcase> <!-- flakyTest -->
  <testcase classname="tests.FlakySimulationTest" name="flakyTest" time="2.034"/>
</testsuite> <!-- tests.FlakySimulationTest -->
